C51 COMPILER V9.54   BUTTON                                                                01/26/2024 15:50:50 PAGE 1   


C51 COMPILER V9.54, COMPILATION OF MODULE BUTTON
OBJECT MODULE PLACED IN .\Objects\button.obj
COMPILER INVOKED BY: D:\51\KELLC51\C51\BIN\C51.EXE button.c OPTIMIZE(8,SPEED) BROWSE DEBUG OBJECTEXTEND PRINT(.\Listings
                    -\button.lst) TABS(2) OBJECT(.\Objects\button.obj)

line level    source

   1          #include "head.h"
   2          
   3          int detection(){
   4   1        if(P3_0 == 0){
   5   2          return 1;
   6   2        }else if(P3_1 == 0){
   7   2          return 2;
   8   2        }else if(P3_2 == 0){
   9   2          return 3;
  10   2        }else if(P3_3 == 0){
  11   2          return 4;
  12   2        }
  13   1        
  14   1        return 0;
  15   1        
  16   1      }


MODULE INFORMATION:   STATIC OVERLAYABLE
   CODE SIZE        =     36    ----
   CONSTANT SIZE    =   ----    ----
   XDATA SIZE       =   ----    ----
   PDATA SIZE       =   ----    ----
   DATA SIZE        =   ----    ----
   IDATA SIZE       =   ----    ----
   BIT SIZE         =   ----    ----
END OF MODULE INFORMATION.


C51 COMPILATION COMPLETE.  0 WARNING(S),  0 ERROR(S)
