C51 COMPILER V9.54   LIGHT                                                                 01/26/2024 15:50:50 PAGE 1   


C51 COMPILER V9.54, COMPILATION OF MODULE LIGHT
OBJECT MODULE PLACED IN .\Objects\light.obj
COMPILER INVOKED BY: D:\51\KELLC51\C51\BIN\C51.EXE light.c OPTIMIZE(8,SPEED) BROWSE DEBUG OBJECTEXTEND PRINT(.\Listings\
                    -light.lst) TABS(2) OBJECT(.\Objects\light.obj)

line level    source

   1          #include "head.h"
   2          
   3          void time(){
   4   1        long i = 1000;
   5   1        while(i--);
   6   1      
   7   1      }
   8          
   9          //流水灯模式一
  10          void format1(){
  11   1        P2_0 = 0;
  12   1        time();
  13   1        P2_0 = 1;
  14   1        P2_1 = 0;
  15   1        time();
  16   1        P2_1 = 1;
  17   1        P2_2 = 0;
  18   1        time();
  19   1        P2_2 = 1;
  20   1        P2_3 = 0;
  21   1        time();
  22   1        P2_3 = 1;
  23   1        P2_4 = 0;
  24   1        time();
  25   1        P2_4 = 1;
  26   1        P2_5 = 0;
  27   1        time();
  28   1        P2_5 = 1;
  29   1        P2_6 = 0;
  30   1        time();
  31   1        P2_6 = 1;
  32   1        P2_7 = 0;
  33   1        time();
  34   1        P2_7 = 1;
  35   1        P2_6 = 0;
  36   1        time();
  37   1        P2_6 = 1;
  38   1        P2_5 = 0;
  39   1        time();
  40   1        P2_5 = 1;
  41   1        P2_4 = 0;
  42   1        time();
  43   1        P2_4 = 1;
  44   1        P2_3 = 0;
  45   1        time();
  46   1        P2_3 = 1;
  47   1        P2_2 = 0;
  48   1        time();
  49   1        P2_2 = 1;
  50   1        P2_1 = 0;
  51   1        time();
  52   1        P2_1 = 1;
  53   1        
  54   1      }
C51 COMPILER V9.54   LIGHT                                                                 01/26/2024 15:50:50 PAGE 2   

  55          
  56          //流水灯模式二
  57          void format2(){
  58   1        P2_0 = 0;
  59   1        P2_7 = 0;
  60   1        time();
  61   1        P2_0 = 1;
  62   1        P2_7 = 1;
  63   1        P2_1 = 0;
  64   1        P2_6 = 0;
  65   1        time();
  66   1        P2_1 = 1;
  67   1        P2_6 = 1;
  68   1        P2_2 = 0;
  69   1        P2_5 = 0;
  70   1        time();
  71   1        P2_2 = 1;
  72   1        P2_5 = 1;
  73   1        P2_3 = 0;
  74   1        P2_4 = 0;
  75   1        time();
  76   1        P2_3 = 1;
  77   1        P2_4 = 1;
  78   1        
  79   1        P2_2 = 0;
  80   1        P2_5 = 0;
  81   1        time();
  82   1        P2_2 = 1;
  83   1        P2_5 = 1;
  84   1        P2_1 = 0;
  85   1        P2_6 = 0;
  86   1        time();
  87   1        P2_1 = 1;
  88   1        P2_6 = 1;
  89   1        
  90   1        
  91   1      }
  92          
  93          //流水灯模式三
  94          void format3(){
  95   1        P2_1 = 0;
  96   1        P2_3 = 0;
  97   1        P2_5 = 0;
  98   1        P2_7 = 0;
  99   1        time();
 100   1        P2_1 = 1;
 101   1        P2_3 = 1;
 102   1        P2_5 = 1;
 103   1        P2_7 = 1;
 104   1        P2_0 = 0;
 105   1        P2_2 = 0;
 106   1        P2_4 = 0;
 107   1        P2_6 = 0;
 108   1        time();
 109   1        P2_0 = 1;
 110   1        P2_2 = 1;
 111   1        P2_4 = 1;
 112   1        P2_6 = 1;
 113   1      
 114   1      }
 115          
 116          //流水灯模式四
C51 COMPILER V9.54   LIGHT                                                                 01/26/2024 15:50:50 PAGE 3   

 117          void format4(){
 118   1        P2 = 0x00;
 119   1        time();
 120   1        P2 = 0xFF;
 121   1        time();
 122   1        
 123   1      }


MODULE INFORMATION:   STATIC OVERLAYABLE
   CODE SIZE        =    242    ----
   CONSTANT SIZE    =   ----    ----
   XDATA SIZE       =   ----    ----
   PDATA SIZE       =   ----    ----
   DATA SIZE        =   ----       4
   IDATA SIZE       =   ----    ----
   BIT SIZE         =   ----    ----
END OF MODULE INFORMATION.


C51 COMPILATION COMPLETE.  0 WARNING(S),  0 ERROR(S)
