C51 COMPILER V9.54   MAIN                                                                  01/26/2024 15:50:49 PAGE 1   


C51 COMPILER V9.54, COMPILATION OF MODULE MAIN
OBJECT MODULE PLACED IN .\Objects\main.obj
COMPILER INVOKED BY: D:\51\KELLC51\C51\BIN\C51.EXE main.c OPTIMIZE(8,SPEED) BROWSE DEBUG OBJECTEXTEND PRINT(.\Listings\m
                    -ain.lst) TABS(2) OBJECT(.\Objects\main.obj)

line level    source

   1          #include "head.h"
   2          
   3          int off = 0;
   4          int dat = 0;
   5          
   6          void main(){
   7   1        
   8   1        init();
   9   1        while (1){
  10   2          switch (off){
  11   3            case 1:
  12   3              format1();
  13   3              break;
  14   3            case 2:
  15   3              format2();
  16   3              break;
  17   3            case 3:
  18   3              format3();
  19   3              break;
  20   3            case 4:
  21   3              format4();
  22   3              break;
  23   3          }
  24   2        }
  25   1      }
  26          
  27          int T = 0;
  28          void time_look() interrupt 1
  29          {
  30   1        TH0 = 64535/256;
  31   1        TL0 = 64535%256;
  32   1        T++;
  33   1        if (T>=200){
  34   2          T = 0;
  35   2          if(dat = detection()){
  36   3            off = dat;
  37   3          }
  38   2        }
  39   1      
  40   1      }
  41          


MODULE INFORMATION:   STATIC OVERLAYABLE
   CODE SIZE        =    147    ----
   CONSTANT SIZE    =   ----    ----
   XDATA SIZE       =   ----    ----
   PDATA SIZE       =   ----    ----
   DATA SIZE        =      6    ----
   IDATA SIZE       =   ----    ----
   BIT SIZE         =   ----    ----
END OF MODULE INFORMATION.


C51 COMPILATION COMPLETE.  0 WARNING(S),  0 ERROR(S)
