C51 COMPILER V9.54   TIME                                                                  01/26/2024 15:50:50 PAGE 1   


C51 COMPILER V9.54, COMPILATION OF MODULE TIME
OBJECT MODULE PLACED IN .\Objects\time.obj
COMPILER INVOKED BY: D:\51\KELLC51\C51\BIN\C51.EXE time.c OPTIMIZE(8,SPEED) BROWSE DEBUG OBJECTEXTEND PRINT(.\Listings\t
                    -ime.lst) TABS(2) OBJECT(.\Objects\time.obj)

line level    source

   1          #include "head.h"
   2          
   3          void init(){
   4   1        //工作模式TMOD
   5   1        TMOD = 0x01;
   6   1        //TCON配置
   7   1        TF0 = 0;
   8   1        TR0 = 1;
   9   1        //配置时间
  10   1        TH0 = 64535/256;
  11   1        TL0 = 64535%256;
  12   1        //配置中断
  13   1        ET0 = 1;
  14   1        EA = 1;
  15   1        PT0 = 0;
  16   1      }
  17          


MODULE INFORMATION:   STATIC OVERLAYABLE
   CODE SIZE        =     20    ----
   CONSTANT SIZE    =   ----    ----
   XDATA SIZE       =   ----    ----
   PDATA SIZE       =   ----    ----
   DATA SIZE        =   ----    ----
   IDATA SIZE       =   ----    ----
   BIT SIZE         =   ----    ----
END OF MODULE INFORMATION.


C51 COMPILATION COMPLETE.  0 WARNING(S),  0 ERROR(S)
