C51 COMPILER V9.54   LIGHT                                                                 01/28/2024 12:38:01 PAGE 1   


C51 COMPILER V9.54, COMPILATION OF MODULE LIGHT
OBJECT MODULE PLACED IN .\Objects\light.obj
COMPILER INVOKED BY: D:\51\KELLC51\C51\BIN\C51.EXE light.c OPTIMIZE(8,SPEED) BROWSE DEBUG OBJECTEXTEND PRINT(.\Listings\
                    -light.lst) TABS(2) OBJECT(.\Objects\light.obj)

line level    source

   1          #include "head.h"
   2          
   3          
   4          //流水灯模式一
   5          void format1(){
   6   1        P2_0 = 0;
   7   1        sleep(100);
   8   1        P2_0 = 1;
   9   1        P2_1 = 0;
  10   1        sleep(100);
  11   1        P2_1 = 1;
  12   1        P2_2 = 0;
  13   1        sleep(100);
  14   1        P2_2 = 1;
  15   1        P2_3 = 0;
  16   1        sleep(100);
  17   1        P2_3 = 1;
  18   1        P2_4 = 0;
  19   1        sleep(100);
  20   1        P2_4 = 1;
  21   1        P2_5 = 0;
  22   1        sleep(100);
  23   1        P2_5 = 1;
  24   1        P2_6 = 0;
  25   1        sleep(100);
  26   1        P2_6 = 1;
  27   1        P2_7 = 0;
  28   1        sleep(100);
  29   1        P2_7 = 1;
  30   1        P2_6 = 0;
  31   1        sleep(100);
  32   1        P2_6 = 1;
  33   1        P2_5 = 0;
  34   1        sleep(100);
  35   1        P2_5 = 1;
  36   1        P2_4 = 0;
  37   1        sleep(100);
  38   1        P2_4 = 1;
  39   1        P2_3 = 0;
  40   1        sleep(100);
  41   1        P2_3 = 1;
  42   1        P2_2 = 0;
  43   1        sleep(100);
  44   1        P2_2 = 1;
  45   1        P2_1 = 0;
  46   1        sleep(100);
  47   1        P2_1 = 1;
  48   1        
  49   1      }
  50          
  51          //流水灯模式二
  52          void format2(){
  53   1        P2_0 = 0;
  54   1        P2_7 = 0;
C51 COMPILER V9.54   LIGHT                                                                 01/28/2024 12:38:01 PAGE 2   

  55   1        sleep(100);
  56   1        P2_0 = 1;
  57   1        P2_7 = 1;
  58   1        P2_1 = 0;
  59   1        P2_6 = 0;
  60   1        sleep(100);
  61   1        P2_1 = 1;
  62   1        P2_6 = 1;
  63   1        P2_2 = 0;
  64   1        P2_5 = 0;
  65   1        sleep(100);
  66   1        P2_2 = 1;
  67   1        P2_5 = 1;
  68   1        P2_3 = 0;
  69   1        P2_4 = 0;
  70   1        sleep(100);
  71   1        P2_3 = 1;
  72   1        P2_4 = 1;
  73   1        
  74   1        P2_2 = 0;
  75   1        P2_5 = 0;
  76   1        sleep(100);
  77   1        P2_2 = 1;
  78   1        P2_5 = 1;
  79   1        P2_1 = 0;
  80   1        P2_6 = 0;
  81   1        sleep(100);
  82   1        P2_1 = 1;
  83   1        P2_6 = 1;
  84   1        
  85   1        
  86   1      }
  87          
  88          //流水灯模式三
  89          void format3(){
  90   1        P2_1 = 0;
  91   1        P2_3 = 0;
  92   1        P2_5 = 0;
  93   1        P2_7 = 0;
  94   1        sleep(100);
  95   1        P2_1 = 1;
  96   1        P2_3 = 1;
  97   1        P2_5 = 1;
  98   1        P2_7 = 1;
  99   1        P2_0 = 0;
 100   1        P2_2 = 0;
 101   1        P2_4 = 0;
 102   1        P2_6 = 0;
 103   1        sleep(100);
 104   1        P2_0 = 1;
 105   1        P2_2 = 1;
 106   1        P2_4 = 1;
 107   1        P2_6 = 1;
 108   1      
 109   1      }
 110          
 111          //流水灯模式四
 112          void format4(){
 113   1        P2 = 0x00;
 114   1        sleep(100);
 115   1        P2 = 0xFF;
 116   1        sleep(100);
C51 COMPILER V9.54   LIGHT                                                                 01/28/2024 12:38:01 PAGE 3   

 117   1        
 118   1      }


MODULE INFORMATION:   STATIC OVERLAYABLE
   CODE SIZE        =    312    ----
   CONSTANT SIZE    =   ----    ----
   XDATA SIZE       =   ----    ----
   PDATA SIZE       =   ----    ----
   DATA SIZE        =   ----    ----
   IDATA SIZE       =   ----    ----
   BIT SIZE         =   ----    ----
END OF MODULE INFORMATION.


C51 COMPILATION COMPLETE.  0 WARNING(S),  0 ERROR(S)
