C51 COMPILER V9.54   MAIN                                                                  01/28/2024 12:38:01 PAGE 1   


C51 COMPILER V9.54, COMPILATION OF MODULE MAIN
OBJECT MODULE PLACED IN .\Objects\main.obj
COMPILER INVOKED BY: D:\51\KELLC51\C51\BIN\C51.EXE main.c OPTIMIZE(8,SPEED) BROWSE DEBUG OBJECTEXTEND PRINT(.\Listings\m
                    -ain.lst) TABS(2) OBJECT(.\Objects\main.obj)

line level    source

   1          #include "head.h"
   2          
   3          void main(){
   4   1        Init();
   5   1        while(1){
   6   2          income();
   7   2        }
   8   1      
   9   1      }
  10          
  11          void LED() interrupt 4
  12          {
  13   1        switch((int)SBUF){
  14   2          case 1:
  15   2            format1();
  16   2            break;
  17   2          case 2:
  18   2            format2();
  19   2            break;
  20   2          case 3:
  21   2            format3();
  22   2            break;
  23   2          case 4:
  24   2            format4();
  25   2            break;
  26   2        
  27   2        }
  28   1      }


MODULE INFORMATION:   STATIC OVERLAYABLE
   CODE SIZE        =    102    ----
   CONSTANT SIZE    =   ----    ----
   XDATA SIZE       =   ----    ----
   PDATA SIZE       =   ----    ----
   DATA SIZE        =   ----    ----
   IDATA SIZE       =   ----    ----
   BIT SIZE         =   ----    ----
END OF MODULE INFORMATION.


C51 COMPILATION COMPLETE.  0 WARNING(S),  0 ERROR(S)
