C51 COMPILER V9.54   SEND_AND_INCOME                                                       01/28/2024 12:38:01 PAGE 1   


C51 COMPILER V9.54, COMPILATION OF MODULE SEND_AND_INCOME
OBJECT MODULE PLACED IN .\Objects\send_and_income.obj
COMPILER INVOKED BY: D:\51\KELLC51\C51\BIN\C51.EXE send_and_income.c OPTIMIZE(8,SPEED) BROWSE DEBUG OBJECTEXTEND PRINT(.
                    -\Listings\send_and_income.lst) TABS(2) OBJECT(.\Objects\send_and_income.obj)

line level    source

   1          #include "head.h"
   2          void Init()   //9600bps@11.0592MHz
   3          {
   4   1        PCON &= 0x7F;   //??????
   5   1        SCON = 0x50;    //8???,?????
   6   1        TMOD &= 0x0F;   //?????1???
   7   1        TMOD |= 0x20;   //?????1?8???????
   8   1        TL1 = 0xFD;   //??????
   9   1        TH1 = 0xFD;   //????????
  10   1        ET1 = 0;    //?????1??
  11   1        TR1 = 1;    //?????1
  12   1        EA=1;
  13   1        ES=1;
  14   1      }
  15          
  16          void send(unsigned char Byte){
  17   1        SBUF = Byte;
  18   1        while(T1==0);
  19   1        TI=0;
  20   1      }
  21          
  22          void income(){
  23   1        while(RI==0);
  24   1        RI=0;
  25   1      }


MODULE INFORMATION:   STATIC OVERLAYABLE
   CODE SIZE        =     41    ----
   CONSTANT SIZE    =   ----    ----
   XDATA SIZE       =   ----    ----
   PDATA SIZE       =   ----    ----
   DATA SIZE        =   ----    ----
   IDATA SIZE       =   ----    ----
   BIT SIZE         =   ----    ----
END OF MODULE INFORMATION.


C51 COMPILATION COMPLETE.  0 WARNING(S),  0 ERROR(S)
