C51 COMPILER V9.54   BUTTON                                                                01/24/2024 13:57:06 PAGE 1   


C51 COMPILER V9.54, COMPILATION OF MODULE BUTTON
OBJECT MODULE PLACED IN .\Objects\Button.obj
COMPILER INVOKED BY: D:\51\KELLC51\C51\BIN\C51.EXE Button.c OPTIMIZE(8,SPEED) BROWSE DEBUG OBJECTEXTEND PRINT(.\Listings
                    -\Button.lst) TABS(2) OBJECT(.\Objects\Button.obj)

line level    source

   1          #include <REGX51.H>
   2          #include "LCD1602.h"
   3          
   4          int Button(int number){
   5   1        P1 = 0xFF;
   6   1        P1_3 = 0;
   7   1        if(P1_7==0){
   8   2          time(3);
   9   2          while(P1_7==0);
  10   2          time(3);
  11   2          number = 1;
  12   2        return number;
  13   2        }
  14   1        if(P1_6==0){
  15   2          time(3);
  16   2          while(P1_6==0);
  17   2          time(3);
  18   2          number = 5;
  19   2        return number;
  20   2        }
  21   1        if(P1_5==0){
  22   2          time(3);
  23   2          while(P1_5==0);
  24   2          time(3);
  25   2          number = 9;
  26   2        return number;
  27   2        }
  28   1      
  29   1        
  30   1        P1 = 0xFF;
  31   1        P1_2=0;
  32   1        if(P1_7==0){
  33   2          time(3);
  34   2          while(P1_7==0);
  35   2          time(3);
  36   2          number = 2;
  37   2        return number;
  38   2        }
  39   1        if(P1_6==0){
  40   2          time(3);
  41   2          while(P1_6==0);
  42   2          time(3);
  43   2          number = 6;
  44   2        return number;
  45   2        }
  46   1        if(P1_5==0){
  47   2          time(3);
  48   2          while(P1_5==0);
  49   2          time(3);
  50   2          number = 10;
  51   2        return number;
  52   2        }
  53   1      
  54   1        
C51 COMPILER V9.54   BUTTON                                                                01/24/2024 13:57:06 PAGE 2   

  55   1        P1 = 0xFF;
  56   1        P1_1=0;
  57   1        if(P1_7==0){
  58   2          time(3);
  59   2          while(P1_7==0);
  60   2          time(3);
  61   2          number = 3;
  62   2        return number;
  63   2        }
  64   1        if(P1_6==0){
  65   2          time(3);
  66   2          while(P1_6==0);
  67   2          time(3);
  68   2          number = 7;
  69   2        return number;
  70   2        }
  71   1        if(P1_5==0){
  72   2          time(3);
  73   2          while(P1_5==0);
  74   2          time(3);
  75   2          number = 11;
  76   2        return number;
  77   2        }
  78   1      
  79   1        
  80   1        P1 = 0xFF;
  81   1        P1_0=0;
  82   1        if(P1_7==0){
  83   2          time(3);
  84   2          while(P1_7==0);
  85   2          time(3);
  86   2          number = 4;
  87   2        return number;
  88   2        }
  89   1        if(P1_6==0){
  90   2          time(3);
  91   2          while(P1_6==0);
  92   2          time(3);
  93   2          number = 8;
  94   2        return number;
  95   2        }
  96   1        if(P1_5==0){
  97   2          time(3);
  98   2          while(P1_5==0);
  99   2          time(3);
 100   2          number = 12;
 101   2          return number;
 102   2        }
 103   1      
 104   1      
 105   1      }
*** WARNING C291 IN LINE 105 OF Button.c: not every exit path returns a value


MODULE INFORMATION:   STATIC OVERLAYABLE
   CODE SIZE        =    370    ----
   CONSTANT SIZE    =   ----    ----
   XDATA SIZE       =   ----    ----
   PDATA SIZE       =   ----    ----
   DATA SIZE        =   ----       2
   IDATA SIZE       =   ----    ----
   BIT SIZE         =   ----    ----
C51 COMPILER V9.54   BUTTON                                                                01/24/2024 13:57:06 PAGE 3   

END OF MODULE INFORMATION.


C51 COMPILATION COMPLETE.  1 WARNING(S),  0 ERROR(S)
