C51 COMPILER V9.54   BUTTON                                                                01/30/2024 15:29:52 PAGE 1   


C51 COMPILER V9.54, COMPILATION OF MODULE BUTTON
OBJECT MODULE PLACED IN .\Objects\button.obj
COMPILER INVOKED BY: D:\51\KELLC51\C51\BIN\C51.EXE button.c OPTIMIZE(8,SPEED) BROWSE DEBUG OBJECTEXTEND PRINT(.\Listings
                    -\button.lst) TABS(2) OBJECT(.\Objects\button.obj)

line level    source

   1          #include "head.h"
   2          
   3          void button(unsigned char column,line){
   4   1        _74HC595_WriteByte(line);
   5   1        P0=~(0x80>>column);
   6   1        time(50);
   7   1        P0 = 0xFF;
   8   1      }


MODULE INFORMATION:   STATIC OVERLAYABLE
   CODE SIZE        =     34    ----
   CONSTANT SIZE    =   ----    ----
   XDATA SIZE       =   ----    ----
   PDATA SIZE       =   ----    ----
   DATA SIZE        =   ----       1
   IDATA SIZE       =   ----    ----
   BIT SIZE         =   ----    ----
END OF MODULE INFORMATION.


C51 COMPILATION COMPLETE.  0 WARNING(S),  0 ERROR(S)
