C51 COMPILER V9.54   TIME                                                                  01/30/2024 15:29:52 PAGE 1   


C51 COMPILER V9.54, COMPILATION OF MODULE TIME
OBJECT MODULE PLACED IN .\Objects\time.obj
COMPILER INVOKED BY: D:\51\KELLC51\C51\BIN\C51.EXE time.c OPTIMIZE(8,SPEED) BROWSE DEBUG OBJECTEXTEND PRINT(.\Listings\t
                    -ime.lst) TABS(2) OBJECT(.\Objects\time.obj)

line level    source

   1          #include "head.h"
   2          void time(int number)   //@24.000MHz
   3          {
   4   1        unsigned char i, j;
   5   1        while(number--){
   6   2            i = 3;
   7   2            while (--i);
   8   2        }
   9   1      }
*** WARNING C280 IN LINE 4 OF time.c: 'j': unreferenced local variable


MODULE INFORMATION:   STATIC OVERLAYABLE
   CODE SIZE        =     19    ----
   CONSTANT SIZE    =   ----    ----
   XDATA SIZE       =   ----    ----
   PDATA SIZE       =   ----    ----
   DATA SIZE        =   ----       1
   IDATA SIZE       =   ----    ----
   BIT SIZE         =   ----    ----
END OF MODULE INFORMATION.


C51 COMPILATION COMPLETE.  1 WARNING(S),  0 ERROR(S)
