C51 COMPILER V9.54   MAIN                                                                  07/20/2024 09:39:25 PAGE 1   


C51 COMPILER V9.54, COMPILATION OF MODULE MAIN
OBJECT MODULE PLACED IN .\Objects\main.obj
COMPILER INVOKED BY: D:\51\KELLC51\C51\BIN\C51.EXE main.c OPTIMIZE(8,SPEED) BROWSE DEBUG OBJECTEXTEND PRINT(.\Listings\m
                    -ain.lst) TABS(2) OBJECT(.\Objects\main.obj)

line level    source

   1          #include <REGX52.H>
   2          #include "time.h"
   3          #include "button.h"
   4          #include "Nixie.h"
   5          #include "voice.h"
   6          #include "Timer0.h"
   7          #include "music_table.h"
   8          
   9          sbit BEEP = P2^5;
  10          int TL_TH;
  11          unsigned int NEW_TL;
  12          unsigned int NEW_TH;
  13          
  14          
  15          
  16          void main(){
  17   1          int i = 0;
  18   1          Timer0Init();
  19   1            while(1){
  20   2                for(i = 0;i < xiaoxingxing_len;i++){
  21   3                    TL_TH = music_table(xiaoxingxing[i]);
  22   3                    NEW_TL = TL_TH%256;
  23   3                    NEW_TH = TL_TH/256;
  24   3                    time(500);
  25   3                    TR0=0;
  26   3                    time(5);
  27   3                    TR0=1;
  28   3                }
  29   2            }
  30   1      }
  31          
  32          
  33          //定时器实现定时翻转
  34          void Timer_down() interrupt 1
  35          {   
  36   1        
  37   1        
  38   1          //这里的TL和TH的初始值一定要重新定义，否则51级开发板不响
  39   1          
  40   1          TL0 = NEW_TL;   
  41   1          TH0 = NEW_TH;
  42   1          BEEP = !BEEP;
  43   1          
  44   1      
  45   1      }
  46          


MODULE INFORMATION:   STATIC OVERLAYABLE
   CODE SIZE        =    112    ----
   CONSTANT SIZE    =   ----    ----
   XDATA SIZE       =   ----    ----
   PDATA SIZE       =   ----    ----
   DATA SIZE        =      6       2
C51 COMPILER V9.54   MAIN                                                                  07/20/2024 09:39:25 PAGE 2   

   IDATA SIZE       =   ----    ----
   BIT SIZE         =   ----    ----
END OF MODULE INFORMATION.


C51 COMPILATION COMPLETE.  0 WARNING(S),  0 ERROR(S)
