C51 COMPILER V9.54   NIXIE                                                                 07/20/2024 08:52:18 PAGE 1   


C51 COMPILER V9.54, COMPILATION OF MODULE NIXIE
OBJECT MODULE PLACED IN .\Objects\Nixie.obj
COMPILER INVOKED BY: D:\51\KELLC51\C51\BIN\C51.EXE Nixie.c OPTIMIZE(8,SPEED) BROWSE DEBUG OBJECTEXTEND PRINT(.\Listings\
                    -Nixie.lst) TABS(2) OBJECT(.\Objects\Nixie.obj)

line level    source

   1          #include <REGX52.H>
   2          #include "time.h"
   3          #include "Nixie.h"
   4          
   5          #define TIME 1
   6          
   7          
   8          char* number_list[10]  = {0x3F,0x06,0x5B,0x4F,0x66,0x6D,0x7D,0x07,0x7F,0x6F};
   9          
  10          
  11          void Nixie(int number_select,int number_math){
  12   1        
  13   1        switch(number_select){
  14   2            case 1:
  15   2              P2_4 = 0;
  16   2              P2_3 = 0;
  17   2              P2_2 = 0;
  18   2              break;
  19   2            case 2:
  20   2              P2_4 = 0;
  21   2              P2_3 = 0;
  22   2              P2_2 = 1;
  23   2              break;
  24   2            case 3:
  25   2              P2_4 = 0;
  26   2              P2_3 = 1;
  27   2              P2_2 = 0;
  28   2              break;
  29   2            case 4:
  30   2              P2_4 = 0;
  31   2              P2_3 = 1;
  32   2              P2_2 = 1;
  33   2              break;
  34   2            case 5:
  35   2              P2_4 = 1;
  36   2              P2_3 = 0;
  37   2              P2_2 = 0;
  38   2              break;
  39   2            case 6:
  40   2              P2_4 = 1;
  41   2              P2_3 = 0;
  42   2              P2_2 = 1;
  43   2              break;
  44   2            case 7:
  45   2              P2_4 = 1;
  46   2              P2_3 = 1;
  47   2              P2_2 = 0;
  48   2              break;
  49   2            case 8:
  50   2              P2_4 = 1;
  51   2              P2_3 = 1;
  52   2              P2_2 = 1;
  53   2              break;
  54   2          }
C51 COMPILER V9.54   NIXIE                                                                 07/20/2024 08:52:18 PAGE 2   

  55   1        
  56   1          P0 = number_list[number_math];
*** WARNING C260 IN LINE 56 OF Nixie.c: '=': pointer truncation
  57   1      }
  58          
  59          
  60          
  61          void Nixie_list(int a,int b,int c,int d,int e,int f,int g,int h){
  62   1        int* arr[] ={&a,&b,&c,&d,&e,&f,&g,&h};
  63   1        int i = 0;
  64   1        for(;i<8;i++){
  65   2          if(*arr[i] != 0){
  66   3            switch (i){
  67   4              case 0:
  68   4                Nixie(8,a);
  69   4                time(TIME);
  70   4              case 1:
  71   4                Nixie(7,b);
  72   4                time(TIME);
  73   4              case 2:
  74   4                Nixie(6,c);
  75   4                time(TIME);
  76   4              case 3:
  77   4                Nixie(5,d);
  78   4                time(TIME);
  79   4              case 4:
  80   4                Nixie(4,e);
  81   4                time(TIME);
  82   4              case 5:
  83   4                Nixie(3,f);
  84   4                time(TIME);
  85   4              case 6:
  86   4                Nixie(2,g);
  87   4                time(TIME);
  88   4              case 7:
  89   4                Nixie(1,h);
  90   4                time(TIME);
  91   4                i=8;
  92   4            }
  93   3          }
  94   2        }
  95   1      }


MODULE INFORMATION:   STATIC OVERLAYABLE
   CODE SIZE        =    373    ----
   CONSTANT SIZE    =     24    ----
   XDATA SIZE       =   ----    ----
   PDATA SIZE       =   ----    ----
   DATA SIZE        =     30      42
   IDATA SIZE       =   ----    ----
   BIT SIZE         =   ----    ----
END OF MODULE INFORMATION.


C51 COMPILATION COMPLETE.  1 WARNING(S),  0 ERROR(S)
