C51 COMPILER V9.54   BUTTON                                                                01/23/2024 21:58:19 PAGE 1   


C51 COMPILER V9.54, COMPILATION OF MODULE BUTTON
OBJECT MODULE PLACED IN .\Objects\Button.obj
COMPILER INVOKED BY: D:\51\KELLC51\C51\BIN\C51.EXE Button.c OPTIMIZE(8,SPEED) BROWSE DEBUG OBJECTEXTEND PRINT(.\Listings
                    -\Button.lst) TABS(2) OBJECT(.\Objects\Button.obj)

line level    source

   1          #include <REGX51.H>
   2          #include "LCD1602.h"
   3          
   4          void Button(int * number){
   5   1        P1 = 0xFF;
   6   1        P1_3 = 0;
   7   1        if(P1_7==0){
   8   2          time(3);
   9   2          while(P1_7==0);
  10   2          time(3);
  11   2          *number = 1;
  12   2        
  13   2        }
  14   1        if(P1_6==0){
  15   2          time(3);
  16   2          while(P1_6==0);
  17   2          time(3);
  18   2          *number = 5;
  19   2        
  20   2        }
  21   1        if(P1_5==0){
  22   2          time(3);
  23   2          while(P1_5==0);
  24   2          time(3);
  25   2          *number = 9;
  26   2        
  27   2        }
  28   1        if(P1_4==0){
  29   2          time(3);
  30   2          while(P1_4==0);
  31   2          time(3);
  32   2          *number = 13;
  33   2        
  34   2        }
  35   1        
  36   1        P1 = 0xFF;
  37   1        P1_2=0;
  38   1        if(P1_7==0){
  39   2          time(3);
  40   2          while(P1_7==0);
  41   2          time(3);
  42   2          *number = 2;
  43   2        
  44   2        }
  45   1        if(P1_6==0){
  46   2          time(3);
  47   2          while(P1_6==0);
  48   2          time(3);
  49   2          *number = 6;
  50   2        
  51   2        }
  52   1        if(P1_5==0){
  53   2          time(3);
  54   2          while(P1_5==0);
C51 COMPILER V9.54   BUTTON                                                                01/23/2024 21:58:19 PAGE 2   

  55   2          time(3);
  56   2          *number = 10;
  57   2        
  58   2        }
  59   1        if(P1_4==0){
  60   2          time(3);
  61   2          while(P1_4==0);
  62   2          time(3);
  63   2          *number = 14;
  64   2        
  65   2        }
  66   1        
  67   1        P1 = 0xFF;
  68   1        P1_1=0;
  69   1        if(P1_7==0){
  70   2          time(3);
  71   2          while(P1_7==0);
  72   2          time(3);
  73   2          *number = 3;
  74   2        
  75   2        }
  76   1        if(P1_6==0){
  77   2          time(3);
  78   2          while(P1_6==0);
  79   2          time(3);
  80   2          *number = 7;
  81   2        
  82   2        }
  83   1        if(P1_5==0){
  84   2          time(3);
  85   2          while(P1_5==0);
  86   2          time(3);
  87   2          *number = 11;
  88   2        
  89   2        }
  90   1        if(P1_4==0){
  91   2          time(3);
  92   2          while(P1_4==0);
  93   2          time(3);
  94   2          *number = 15;
  95   2        
  96   2        }
  97   1        
  98   1        P1 = 0xFF;
  99   1        P1_0=0;
 100   1        if(P1_7==0){
 101   2          time(3);
 102   2          while(P1_7==0);
 103   2          time(3);
 104   2          *number = 4;
 105   2        
 106   2        }
 107   1        if(P1_6==0){
 108   2          time(3);
 109   2          while(P1_6==0);
 110   2          time(3);
 111   2          *number = 8;
 112   2        
 113   2        }
 114   1        if(P1_5==0){
 115   2          time(3);
 116   2          while(P1_5==0);
C51 COMPILER V9.54   BUTTON                                                                01/23/2024 21:58:19 PAGE 3   

 117   2          time(3);
 118   2          *number = 12;
 119   2        
 120   2        }
 121   1        if(P1_4==0){
 122   2          time(3);
 123   2          while(P1_4==0);
 124   2          time(3);
 125   2          *number = 16;
 126   2        
 127   2        }
 128   1      
 129   1      }


MODULE INFORMATION:   STATIC OVERLAYABLE
   CODE SIZE        =    555    ----
   CONSTANT SIZE    =   ----    ----
   XDATA SIZE       =   ----    ----
   PDATA SIZE       =   ----    ----
   DATA SIZE        =   ----       3
   IDATA SIZE       =   ----    ----
   BIT SIZE         =   ----    ----
END OF MODULE INFORMATION.


C51 COMPILATION COMPLETE.  0 WARNING(S),  0 ERROR(S)
