C51 COMPILER V9.54   BUTTON                                                                01/26/2024 17:29:32 PAGE 1   


C51 COMPILER V9.54, COMPILATION OF MODULE BUTTON
OBJECT MODULE PLACED IN .\Objects\button.obj
COMPILER INVOKED BY: D:\51\KELLC51\C51\BIN\C51.EXE button.c OPTIMIZE(8,SPEED) BROWSE DEBUG OBJECTEXTEND PRINT(.\Listings
                    -\button.lst) TABS(2) OBJECT(.\Objects\button.obj)

line level    source

   1          #include "head.h"
*** WARNING C318 IN LINE 2 OF head.h: can't open file 'Delay1ms.h'
*** WARNING C318 IN LINE 3 OF head.h: can't open file 'Timer0.h'
   2          
   3          
   4          int button(){
   5   1        while(P2_0 == 1 && P2_1 == 1);
   6   1        if(P2_0 == 0){
   7   2          return 1;
   8   2        }
   9   1        if(P2_1 == 0){
  10   2          return 2;
  11   2        }
  12   1      
  13   1        return 0;
  14   1      }


MODULE INFORMATION:   STATIC OVERLAYABLE
   CODE SIZE        =     26    ----
   CONSTANT SIZE    =   ----    ----
   XDATA SIZE       =   ----    ----
   PDATA SIZE       =   ----    ----
   DATA SIZE        =   ----    ----
   IDATA SIZE       =   ----    ----
   BIT SIZE         =   ----    ----
END OF MODULE INFORMATION.


C51 COMPILATION COMPLETE.  2 WARNING(S),  0 ERROR(S)
