C51 COMPILER V9.54   MAIN                                                                  01/26/2024 17:29:32 PAGE 1   


C51 COMPILER V9.54, COMPILATION OF MODULE MAIN
OBJECT MODULE PLACED IN .\Objects\main.obj
COMPILER INVOKED BY: D:\51\KELLC51\C51\BIN\C51.EXE main.c OPTIMIZE(8,SPEED) BROWSE DEBUG OBJECTEXTEND PRINT(.\Listings\m
                    -ain.lst) TABS(2) OBJECT(.\Objects\main.obj)

line level    source

   1          #include "head.h"
*** WARNING C318 IN LINE 2 OF head.h: can't open file 'Delay1ms.h'
*** WARNING C318 IN LINE 3 OF head.h: can't open file 'Timer0.h'
   2          
   3          int number = 0;
   4          int a = 0xFE;
   5          
   6          void main(){
   7   1          P2 = a;
   8   1          while(1){
   9   2            Timer0Init();
  10   2            number = button();
*** WARNING C206 IN LINE 10 OF main.c: 'button': missing function-prototype
  11   2          }
  12   1      }
  13          
  14          void plan() interrupt 1
  15          {   
  16   1          static int time = 0;
  17   1          TL0 = 0x40;   
  18   1          TH0 = 0xA2; 
  19   1          time++;
  20   1          if(time>=500){
  21   2            time = 0;
  22   2            if(number == 1){
  23   3              P2 = _crol_(a,1);
  24   3            }
  25   2            if(number == 2){
  26   3              P2 = _cror_(a,1);
  27   3            }
  28   2          }
  29   1      
  30   1      }


MODULE INFORMATION:   STATIC OVERLAYABLE
   CODE SIZE        =    108    ----
   CONSTANT SIZE    =   ----    ----
   XDATA SIZE       =   ----    ----
   PDATA SIZE       =   ----    ----
   DATA SIZE        =      6    ----
   IDATA SIZE       =   ----    ----
   BIT SIZE         =   ----    ----
END OF MODULE INFORMATION.


C51 COMPILATION COMPLETE.  3 WARNING(S),  0 ERROR(S)
