C51 COMPILER V9.54   TIME                                                                  01/26/2024 17:29:32 PAGE 1   


C51 COMPILER V9.54, COMPILATION OF MODULE TIME
OBJECT MODULE PLACED IN .\Objects\time.obj
COMPILER INVOKED BY: D:\51\KELLC51\C51\BIN\C51.EXE time.c OPTIMIZE(8,SPEED) BROWSE DEBUG OBJECTEXTEND PRINT(.\Listings\t
                    -ime.lst) TABS(2) OBJECT(.\Objects\time.obj)

line level    source

   1          #include "head.h"
*** WARNING C318 IN LINE 2 OF head.h: can't open file 'Delay1ms.h'
*** WARNING C318 IN LINE 3 OF head.h: can't open file 'Timer0.h'
   2          
   3          
   4          void Delay1ms(number)   //@24.000MHz
   5          {
   6   1        unsigned char i, j;
   7   1        while(number){
   8   2          i = 24;
   9   2          j = 85;
  10   2          do
  11   2          {
  12   3            while (--j);
  13   3          } while (--i);
  14   2        }
  15   1      }
  16          
  17          void Timer0Init()   //1??@24.000MHz
  18          {
  19   1      
  20   1        TMOD &= 0xF0;   //???????
  21   1        TL0 = 0x40;   
  22   1        TH0 = 0xA2;   
  23   1        TF0 = 0;    //??TF0??
  24   1        TR0 = 1;    //???0????
  25   1      }


MODULE INFORMATION:   STATIC OVERLAYABLE
   CODE SIZE        =     29    ----
   CONSTANT SIZE    =   ----    ----
   XDATA SIZE       =   ----    ----
   PDATA SIZE       =   ----    ----
   DATA SIZE        =   ----    ----
   IDATA SIZE       =   ----    ----
   BIT SIZE         =   ----    ----
END OF MODULE INFORMATION.


C51 COMPILATION COMPLETE.  2 WARNING(S),  0 ERROR(S)
