C51 COMPILER V9.54   MAIN                                                                  01/28/2024 12:02:43 PAGE 1   


C51 COMPILER V9.54, COMPILATION OF MODULE MAIN
OBJECT MODULE PLACED IN .\Objects\main.obj
COMPILER INVOKED BY: D:\51\KELLC51\C51\BIN\C51.EXE main.c OPTIMIZE(8,SPEED) BROWSE DEBUG OBJECTEXTEND PRINT(.\Listings\m
                    -ain.lst) TABS(2) OBJECT(.\Objects\main.obj)

line level    source

   1          #include "head.h"
   2          
   3          void main(){
   4   1        Init();
   5   1        while(1){
   6   2          send('D');
   7   2          sleep(100);
   8   2        }
   9   1      }


MODULE INFORMATION:   STATIC OVERLAYABLE
   CODE SIZE        =     17    ----
   CONSTANT SIZE    =   ----    ----
   XDATA SIZE       =   ----    ----
   PDATA SIZE       =   ----    ----
   DATA SIZE        =   ----    ----
   IDATA SIZE       =   ----    ----
   BIT SIZE         =   ----    ----
END OF MODULE INFORMATION.


C51 COMPILATION COMPLETE.  0 WARNING(S),  0 ERROR(S)
