C51 COMPILER V9.54   SEND_AND_INCOME                                                       01/28/2024 12:02:43 PAGE 1   


C51 COMPILER V9.54, COMPILATION OF MODULE SEND_AND_INCOME
OBJECT MODULE PLACED IN .\Objects\send_and_income.obj
COMPILER INVOKED BY: D:\51\KELLC51\C51\BIN\C51.EXE send_and_income.c OPTIMIZE(8,SPEED) BROWSE DEBUG OBJECTEXTEND PRINT(.
                    -\Listings\send_and_income.lst) TABS(2) OBJECT(.\Objects\send_and_income.obj)

line level    source

   1          #include "head.h"
   2          void Init()   //9600bps@11.0592MHz
   3          {
   4   1        PCON &= 0x7F;   //??????
   5   1        SCON = 0x50;    //8???,?????
   6   1      
   7   1        TMOD &= 0x0F;   //?????1???
   8   1        TMOD |= 0x20;   //?????1?8???????
   9   1        TL1 = 0xFD;   //??????
  10   1        TH1 = 0xFD;   //????????
  11   1        ET1 = 0;    //?????1??
  12   1        TR1 = 1;    //?????1
  13   1      }
  14          
  15          void send(unsigned char Byte){
  16   1        SBUF = Byte;
  17   1        while(T1==0);
  18   1        TI=0;
  19   1      }


MODULE INFORMATION:   STATIC OVERLAYABLE
   CODE SIZE        =     31    ----
   CONSTANT SIZE    =   ----    ----
   XDATA SIZE       =   ----    ----
   PDATA SIZE       =   ----    ----
   DATA SIZE        =   ----    ----
   IDATA SIZE       =   ----    ----
   BIT SIZE         =   ----    ----
END OF MODULE INFORMATION.


C51 COMPILATION COMPLETE.  0 WARNING(S),  0 ERROR(S)
