C51 COMPILER V9.54   VOICE                                                                 07/16/2024 22:32:22 PAGE 1   


C51 COMPILER V9.54, COMPILATION OF MODULE VOICE
OBJECT MODULE PLACED IN .\Objects\voice.obj
COMPILER INVOKED BY: D:\51\KELLC51\C51\BIN\C51.EXE voice.c OPTIMIZE(8,SPEED) BROWSE DEBUG OBJECTEXTEND PRINT(.\Listings\
                    -voice.lst) TABS(2) OBJECT(.\Objects\voice.obj)

line level    source

   1          #include <REGX52.H>
   2          #include "voice.h"
   3          #include "time.h"
   4          
   5          sbit BEEP = P2^5;
   6          
   7          
   8          void once_voice(){
   9   1          int i = 500;
  10   1          while(i--){
  11   2              BEEP = !BEEP;
  12   2              time(1);
  13   2          }
  14   1      
  15   1      
  16   1      }


MODULE INFORMATION:   STATIC OVERLAYABLE
   CODE SIZE        =     31    ----
   CONSTANT SIZE    =   ----    ----
   XDATA SIZE       =   ----    ----
   PDATA SIZE       =   ----    ----
   DATA SIZE        =   ----       2
   IDATA SIZE       =   ----    ----
   BIT SIZE         =   ----    ----
END OF MODULE INFORMATION.


C51 COMPILATION COMPLETE.  0 WARNING(S),  0 ERROR(S)
