C51 COMPILER V9.54   BUTTON                                                                07/15/2024 10:00:40 PAGE 1   


C51 COMPILER V9.54, COMPILATION OF MODULE BUTTON
OBJECT MODULE PLACED IN .\Objects\button.obj
COMPILER INVOKED BY: D:\51\KELLC51\C51\BIN\C51.EXE button.c OPTIMIZE(8,SPEED) BROWSE DEBUG OBJECTEXTEND PRINT(.\Listings
                    -\button.lst) TABS(2) OBJECT(.\Objects\button.obj)

line level    source

   1          #include <REGX52.H>
   2          #include "DS1302.h"
   3          
   4          
   5          
   6          int new_button(int number){
   7   1          
   8   1          if(P3_1==0){
   9   2              time(1);
  10   2              while(P3_1==0);
  11   2              time(1);
  12   2              number = 1;
  13   2              return number;
  14   2          }
  15   1          if(P3_0==0){
  16   2              time(1);
  17   2              while(P3_0==0);
  18   2              time(1);
  19   2              number = 2;
  20   2              return number;
  21   2          }
  22   1          if(P3_2==0){
  23   2              time(1);
  24   2              while(P3_2==0);
  25   2              time(1);
  26   2              number = 3;
  27   2              return number;
  28   2          }
  29   1          if(P3_3==0){
  30   2              time(1);
  31   2              while(P3_3==0);
  32   2              time(1);
  33   2              number = 4;
  34   2              return number;
  35   2          }
  36   1          return number;
  37   1      
  38   1      
  39   1      
  40   1      
  41   1      }
  42          
  43          


MODULE INFORMATION:   STATIC OVERLAYABLE
   CODE SIZE        =    121    ----
   CONSTANT SIZE    =   ----    ----
   XDATA SIZE       =   ----    ----
   PDATA SIZE       =   ----    ----
   DATA SIZE        =   ----       2
   IDATA SIZE       =   ----    ----
   BIT SIZE         =   ----    ----
END OF MODULE INFORMATION.

C51 COMPILER V9.54   BUTTON                                                                07/15/2024 10:00:40 PAGE 2   


C51 COMPILATION COMPLETE.  0 WARNING(S),  0 ERROR(S)
