C51 COMPILER V9.54   DS1302                                                                07/15/2024 10:00:40 PAGE 1   


C51 COMPILER V9.54, COMPILATION OF MODULE DS1302
OBJECT MODULE PLACED IN .\Objects\DS1302.obj
COMPILER INVOKED BY: D:\51\KELLC51\C51\BIN\C51.EXE DS1302.c OPTIMIZE(8,SPEED) BROWSE DEBUG OBJECTEXTEND PRINT(.\Listings
                    -\DS1302.lst) TABS(2) OBJECT(.\Objects\DS1302.obj)

line level    source

   1          #include <REGX52.H>
   2          #include "DS1302.h"
   3          
   4          //端口定义重命名
   5          sbit DS1302_SCLK = P3^6;
   6          sbit DS1302_IO = P3^4;
   7          sbit DS1302_CE = P3^5;
   8          
   9          //开启写保护
  10          void DS1302_open_key(){
  11   1        DS1302_WRITE(0x8E,0x00);
  12   1      
  13   1      }
  14          
  15          void DS1302_Init(){
  16   1        DS1302_CE = 0;
  17   1        DS1302_SCLK = 0;
  18   1      
  19   1      }
  20          
  21          void DS1302_WRITE(unsigned char Command,unsigned char Data){
  22   1        unsigned char i;
  23   1        DS1302_CE = 1;
  24   1        for(i=0;i<8;i++){
  25   2          DS1302_IO = Command & 0x01;
  26   2          Command >>= 1;
  27   2          DS1302_SCLK = 1;
  28   2          
  29   2          DS1302_SCLK = 0;
  30   2        }
  31   1        for(i=0;i<8;i++){
  32   2          DS1302_IO = Data&0x01;
  33   2          Data >>= 1;
  34   2          DS1302_SCLK = 1;
  35   2          
  36   2          DS1302_SCLK = 0;
  37   2        }
  38   1        
  39   1        DS1302_CE = 0;
  40   1      
  41   1      
  42   1      }
  43          
  44          unsigned char DS1302_READ(unsigned char Command){
  45   1        unsigned char i = 0x00;
  46   1        unsigned char Data = 0x00;
  47   1        DS1302_CE = 1;
  48   1        for(i=0;i<8;i++){
  49   2          DS1302_IO = Command&(0x01<<i);
  50   2          DS1302_SCLK = 0;
  51   2          
  52   2          DS1302_SCLK = 1;
  53   2        }
  54   1        
C51 COMPILER V9.54   DS1302                                                                07/15/2024 10:00:40 PAGE 2   

  55   1        DS1302_IO = 0;
  56   1        
  57   1        for(i=0;i<8;i++){
  58   2          DS1302_SCLK = 1;
  59   2          
  60   2          DS1302_SCLK = 0;
  61   2          if(DS1302_IO){Data |=(0x01<<i);}
  62   2        }
  63   1        DS1302_CE = 0;
  64   1        return Data;
  65   1      
  66   1      }


MODULE INFORMATION:   STATIC OVERLAYABLE
   CODE SIZE        =    128    ----
   CONSTANT SIZE    =   ----    ----
   XDATA SIZE       =   ----    ----
   PDATA SIZE       =   ----    ----
   DATA SIZE        =   ----    ----
   IDATA SIZE       =   ----    ----
   BIT SIZE         =   ----    ----
END OF MODULE INFORMATION.


C51 COMPILATION COMPLETE.  0 WARNING(S),  0 ERROR(S)
