C51 COMPILER V9.54   MAIN                                                                  07/15/2024 10:00:40 PAGE 1   


C51 COMPILER V9.54, COMPILATION OF MODULE MAIN
OBJECT MODULE PLACED IN .\Objects\main.obj
COMPILER INVOKED BY: D:\51\KELLC51\C51\BIN\C51.EXE main.c OPTIMIZE(8,SPEED) BROWSE DEBUG OBJECTEXTEND PRINT(.\Listings\m
                    -ain.lst) TABS(2) OBJECT(.\Objects\main.obj)

line level    source

   1          #include <REGX52.H>
   2          #include "LCD1602.h"
   3          #include "DS1302.h"
   4          #include <string.h>
   5          #include <stdio.h>
   6          #include <stdlib.h>
   7          
   8          
   9          unsigned char second,minute,hour,day,week,month,year;
  10          unsigned char new_second,new_minute,new_hour,new_day,new_week,new_month,new_year;
  11          
  12          
  13          //设置当前时间
  14          
  15          void DS1302_SetTime(){
  16   1        //设置初始时间
  17   1        //秒
  18   1        DS1302_WRITE(0x80,0x00);//代表0秒
  19   1        //分
  20   1        DS1302_WRITE(0x82,0x40);//代表40分
  21   1        //时
  22   1        DS1302_WRITE(0x84,0x03);//代表3点
  23   1        //日
  24   1        DS1302_WRITE(0x86,0x14);//代表14号
  25   1        //星期
  26   1        DS1302_WRITE(0x8A,0x07);//代表星期7
  27   1        //月
  28   1        DS1302_WRITE(0x88,0x07);//代表七月
  29   1        //年
  30   1        DS1302_WRITE(0x8C,0x24);//代表24年
  31   1        
  32   1      
  33   1      }
  34          
  35          void DS1302_ReadTime(){
  36   1        
  37   1        //读取时间
  38   1        //秒
  39   1        second = DS1302_READ(0x81);
  40   1        //分
  41   1        minute = DS1302_READ(0x83);
  42   1        //时
  43   1        hour = DS1302_READ(0x85);
  44   1        //日
  45   1        day = DS1302_READ(0x87);
  46   1        //星期
  47   1        week = DS1302_READ(0x8B);
  48   1        //月
  49   1        month = DS1302_READ(0x89);
  50   1        //年
  51   1        year = DS1302_READ(0x8D);
  52   1        
  53   1      }
  54          
C51 COMPILER V9.54   MAIN                                                                  07/15/2024 10:00:40 PAGE 2   

  55          
  56          
  57          void DS1302_ShowTime(){
  58   1        LCD_ShowNum(1, 1, 20, 2);
  59   1        LCD_ShowNum(1, 3, year/16*10+year%16, 2);
  60   1        LCD_ShowString(1, 5, "-");
  61   1        LCD_ShowNum(1, 6, month/16*10+month%16, 2);
  62   1        //LCD_ShowNum(1, 7, week/16*10+week%16, 2);
  63   1        LCD_ShowString(1, 8, "-");
  64   1        LCD_ShowNum(1, 9, day/16*10+day%16, 2);
  65   1        LCD_ShowNum(2, 5, hour/16*10+hour%16, 2);
  66   1        LCD_ShowString(2, 7, ":");
  67   1        LCD_ShowNum(2, 8, minute/16*10+minute%16, 2);
  68   1        LCD_ShowString(2, 10, ":");
  69   1        LCD_ShowNum(2, 11, second/16*10+second%16, 2);
  70   1      
  71   1      
  72   1      }
  73          
  74          void new_Button(){
  75   1        
  76   1        int third_off = 0;
  77   1        int twice_off = 0;
  78   1        int off = 0;
  79   1        
  80   1        char hex_str[3];
  81   1        unsigned char new_hex;
  82   1        
  83   1        
  84   1        off = new_button(0);
  85   1        
  86   1            if(off){
  87   2                //进入调试模式
  88   2                if(off==1){
  89   3                  
  90   3                    while(1){
  91   4                        //等待调试选择
  92   4                        while(1){
  93   5                            twice_off = new_button(0);
  94   5                            if(twice_off){
  95   6                              break;
  96   6                            }
  97   5                            
  98   5                        }
  99   4                        //开始调试
 100   4                        
 101   4                        //退出操作
 102   4                        if(twice_off == 1){
 103   5                            break;
 104   5                        }
 105   4                        //选中操作单位
 106   4                        if(twice_off == 2){
 107   5                            //年调试
 108   5                            new_year = year;
 109   5                            while(1){
 110   6                                
 111   6                                third_off = new_button(0);
 112   6                              
 113   6                                if(third_off == 1){
 114   7                                    break;
 115   7                                } 
 116   6                              
C51 COMPILER V9.54   MAIN                                                                  07/15/2024 10:00:40 PAGE 3   

 117   6                                if(third_off == 2){
 118   7                                    if(new_year != year){
 119   8                                      //构建并重写年
 120   8                                      sprintf(hex_str, "0x%02X", new_year);
 121   8                                      new_hex = (unsigned char)strtoul(hex_str, NULL, 16);
 122   8                                      
 123   8                                      DS1302_Init();
 124   8                                      DS1302_WRITE(0x8C,new_hex);
 125   8                                      
 126   8                                      year = new_year;
 127   8                                    }
 128   7                                    break;
 129   7                                }
 130   6                                
 131   6                                //增加
 132   6                                if(third_off == 3){
 133   7                                    new_year = (new_year/16*10 + new_year%16 + 1)/10*16 + (new_year/16*10 + new_year%16 + 1)%10
             -;
 134   7                                }
 135   6                                //减少
 136   6                                if(third_off == 4){
 137   7                                    new_year = (new_year/16*10 + new_year%16 - 1)/10*16 + (new_year/16*10 + new_year%16 - 1)%10
             -;
 138   7                                }
 139   6                              
 140   6                                //闪烁提示
 141   6                                LCD_ShowNum(1, 1, 0, 2);
 142   6                                LCD_ShowNum(1, 3, 0, 2);
 143   6                                time(50);
 144   6                                LCD_ShowNum(1, 1, 20, 2);
 145   6                                LCD_ShowNum(1, 3, new_year/16*10+new_year%16, 2);
 146   6                                time(50);
 147   6                              
 148   6                                third_off = new_button(0);
 149   6                              
 150   6                                if(third_off == 1){
 151   7                                    break;
 152   7                                } 
 153   6                              
 154   6                                if(third_off == 2){
 155   7                                    if(new_year != year){
 156   8                                      //构建并重写年
 157   8                                      sprintf(hex_str, "0x%02X", new_year);
 158   8                                      new_hex = (unsigned char)strtoul(hex_str, NULL, 16);
 159   8                                      
 160   8                                      DS1302_Init();
 161   8                                      DS1302_WRITE(0x8C,new_hex);
 162   8                                      
 163   8                                      year = new_year;
 164   8                                    }
 165   7                                    break;
 166   7                                }
 167   6                                
 168   6                                //增加
 169   6                                if(third_off == 3){
 170   7                                    new_year = (new_year/16*10 + new_year%16 + 1)/10*16 + (new_year/16*10 + new_year%16 + 1)%10
             -;
 171   7                                }
 172   6                                //减少
 173   6                                if(third_off == 4){
 174   7                                    new_year = (new_year/16*10 + new_year%16 - 1)/10*16 + (new_year/16*10 + new_year%16 - 1)%10
             -;
C51 COMPILER V9.54   MAIN                                                                  07/15/2024 10:00:40 PAGE 4   

 175   7                                }
 176   6                                
 177   6                            }
 178   5                            if(third_off == 1){
 179   6                                break;
 180   6                            
 181   6                            }
 182   5                              
 183   5                            
 184   5                            //月调试
 185   5                            new_month = month;
 186   5                            while(1){
 187   6                                third_off = new_button(0);
 188   6                              
 189   6                                if(third_off == 1){
 190   7                                    break;
 191   7                                } 
 192   6                              
 193   6                                if(third_off == 2){
 194   7                                    if(new_month != month){
 195   8                                      //构建并重写月
 196   8                                      sprintf(hex_str, "0x%02X", new_month);
 197   8                                      new_hex = (unsigned char)strtoul(hex_str, NULL, 16);
 198   8                                      
 199   8                                      DS1302_Init();
 200   8                                      DS1302_WRITE(0x88,new_hex);
 201   8                                      
 202   8                                      month = new_month;
 203   8                                    }
 204   7                                    break;
 205   7                                }
 206   6                                
 207   6                                //增加
 208   6                                if(third_off == 3){
 209   7                                    new_month = (new_month/16*10 + new_month%16 + 1)/10*16 + (new_month/16*10 + new_month%16 + 
             -1)%10;
 210   7                                }
 211   6                                //减少
 212   6                                if(third_off == 4){
 213   7                                    new_month = (new_month/16*10 + new_month%16 - 1)/10*16 + (new_month/16*10 + new_month%16 - 
             -1)%10;
 214   7                                }
 215   6                              
 216   6                                //闪烁提示
 217   6                                LCD_ShowNum(1, 6, 0, 2);
 218   6                                time(50);
 219   6                                LCD_ShowNum(1, 6, new_month/16*10+new_month%16, 2);
 220   6                                time(50);
 221   6                              
 222   6                                third_off = new_button(0);
 223   6                              
 224   6                                if(third_off == 1){
 225   7                                    break;
 226   7                                } 
 227   6                              
 228   6                                if(third_off == 2){
 229   7                                    if(new_month != month){
 230   8                                      //构建并重写月
 231   8                                      sprintf(hex_str, "0x%02X", new_month);
 232   8                                      new_hex = (unsigned char)strtoul(hex_str, NULL, 16);
 233   8                                      
 234   8                                      DS1302_Init();
C51 COMPILER V9.54   MAIN                                                                  07/15/2024 10:00:40 PAGE 5   

 235   8                                      DS1302_WRITE(0x88,new_hex);
 236   8                                      
 237   8                                      month = new_month;
 238   8                                    }
 239   7                                    break;
 240   7                                }
 241   6                                
 242   6                                //增加
 243   6                                if(third_off == 3){
 244   7                                    new_month = (new_month/16*10 + new_month%16 + 1)/10*16 + (new_month/16*10 + new_month%16 + 
             -1)%10;
 245   7                                }
 246   6                                //减少
 247   6                                if(third_off == 4){
 248   7                                    new_month = (new_month/16*10 + new_month%16 - 1)/10*16 + (new_month/16*10 + new_month%16 - 
             -1)%10;
 249   7                                }
 250   6                                
 251   6                            }
 252   5                            if(third_off == 1){
 253   6                                break;
 254   6                            
 255   6                            
 256   6                            
 257   6                            }
 258   5                            //日调试
 259   5                            new_day = day;
 260   5                            while(1){
 261   6                                third_off = new_button(0);
 262   6                              
 263   6                                if(third_off == 1){
 264   7                                    break;
 265   7                                } 
 266   6                              
 267   6                                if(third_off == 2){
 268   7                                    if(new_day != day){
 269   8                                      //构建并重写日
 270   8                                      sprintf(hex_str, "0x%02X", new_day);
 271   8                                      new_hex = (unsigned char)strtoul(hex_str, NULL, 16);
 272   8                                      
 273   8                                      DS1302_Init();
 274   8                                      DS1302_WRITE(0x86,new_hex);
 275   8                                      
 276   8                                      day = new_day;
 277   8                                    }
 278   7                                    break;
 279   7                                }
 280   6                                
 281   6                                //增加
 282   6                                if(third_off == 3){
 283   7                                    new_day = (new_day/16*10 + new_day%16 + 1)/10*16 + (new_day/16*10 + new_day%16 + 1)%10;
 284   7                                }
 285   6                                //减少
 286   6                                if(third_off == 4){
 287   7                                    new_day = (new_day/16*10 + new_day%16 - 1)/10*16 + (new_day/16*10 + new_day%16 - 1)%10;
 288   7                                }
 289   6                                
 290   6                                //闪烁提示
 291   6                                LCD_ShowNum(1, 9, 0, 2);
 292   6                                time(50);
 293   6                                LCD_ShowNum(1, 9, new_day/16*10+new_day%16, 2);
 294   6                                time(50);
C51 COMPILER V9.54   MAIN                                                                  07/15/2024 10:00:40 PAGE 6   

 295   6                              
 296   6                                third_off = new_button(0);
 297   6                              
 298   6                                if(third_off == 1){
 299   7                                    break;
 300   7                                } 
 301   6                              
 302   6                                if(third_off == 2){
 303   7                                    if(new_day != day){
 304   8                                      //构建并重写日
 305   8                                      sprintf(hex_str, "0x%02X", new_day);
 306   8                                      new_hex = (unsigned char)strtoul(hex_str, NULL, 16);
 307   8                                      
 308   8                                      DS1302_Init();
 309   8                                      DS1302_WRITE(0x86,new_hex);
 310   8                                      
 311   8                                      day = new_day;
 312   8                                    }
 313   7                                    break;
 314   7                                }
 315   6                                
 316   6                                //增加
 317   6                                if(third_off == 3){
 318   7                                    new_day = (new_day/16*10 + new_day%16 + 1)/10*16 + (new_day/16*10 + new_day%16 + 1)%10;
 319   7                                }
 320   6                                //减少
 321   6                                if(third_off == 4){
 322   7                                    new_day = (new_day/16*10 + new_day%16 - 1)/10*16 + (new_day/16*10 + new_day%16 - 1)%10;
 323   7                                }
 324   6                                
 325   6                            }
 326   5                            if(third_off == 1){
 327   6                                break;
 328   6                            
 329   6                            
 330   6                            
 331   6                            }
 332   5                            //时调试
 333   5                            new_hour = hour;
 334   5                            while(1){
 335   6                                third_off = new_button(0);
 336   6                              
 337   6                                if(third_off == 1){
 338   7                                    break;
 339   7                                } 
 340   6                              
 341   6                                if(third_off == 2){
 342   7                                    if(new_hour != hour){
 343   8                                      //构建并重写时
 344   8                                      sprintf(hex_str, "0x%02X", new_hour);
 345   8                                      new_hex = (unsigned char)strtoul(hex_str, NULL, 16);
 346   8                                      
 347   8                                      DS1302_Init();
 348   8                                      DS1302_WRITE(0x84,new_hex);
 349   8                                      
 350   8                                      hour = new_hour;
 351   8                                    }
 352   7                                    break;
 353   7                                }
 354   6                                
 355   6                                //增加
 356   6                                if(third_off == 3){
C51 COMPILER V9.54   MAIN                                                                  07/15/2024 10:00:40 PAGE 7   

 357   7                                    new_hour = (new_hour/16*10 + new_hour%16 + 1)/10*16 + (new_hour/16*10 + new_hour%16 + 1)%10
             -;
 358   7                                }
 359   6                                //减少
 360   6                                if(third_off == 4){
 361   7                                    new_hour = (new_hour/16*10 + new_hour%16 - 1)/10*16 + (new_hour/16*10 + new_hour%16 - 1)%10
             -;
 362   7                                }
 363   6                                
 364   6                                
 365   6                                //闪烁提示
 366   6                                LCD_ShowNum(2, 5, 0, 2);
 367   6                                time(50);
 368   6                                LCD_ShowNum(2, 5, new_hour/16*10+new_hour%16, 2);
 369   6                                time(50);
 370   6                              
 371   6                                third_off = new_button(0);
 372   6                              
 373   6                                if(third_off == 1){
 374   7                                    break;
 375   7                                } 
 376   6                              
 377   6                                if(third_off == 2){
 378   7                                    if(new_hour != hour){
 379   8                                      //构建并重写时
 380   8                                      sprintf(hex_str, "0x%02X", new_hour);
 381   8                                      new_hex = (unsigned char)strtoul(hex_str, NULL, 16);
 382   8                                      
 383   8                                      DS1302_Init();
 384   8                                      DS1302_WRITE(0x84,new_hex);
 385   8                                      
 386   8                                      hour = new_hour;
 387   8                                    }
 388   7                                    break;
 389   7                                }
 390   6                                
 391   6                                //增加
 392   6                                if(third_off == 3){
 393   7                                    new_hour = (new_hour/16*10 + new_hour%16 + 1)/10*16 + (new_hour/16*10 + new_hour%16 + 1)%10
             -;
 394   7                                }
 395   6                                //减少
 396   6                                if(third_off == 4){
 397   7                                    new_hour = (new_hour/16*10 + new_hour%16 - 1)/10*16 + (new_hour/16*10 + new_hour%16 - 1)%10
             -;
 398   7                                }
 399   6                                
 400   6                                
 401   6                            }
 402   5                            if(third_off == 1){
 403   6                                break;
 404   6                            
 405   6                            
 406   6                            
 407   6                            }
 408   5                            //分调试
 409   5                            new_minute = minute;
 410   5                            while(1){
 411   6                                third_off = new_button(0);
 412   6                              
 413   6                                if(third_off == 1){
 414   7                                    break;
C51 COMPILER V9.54   MAIN                                                                  07/15/2024 10:00:40 PAGE 8   

 415   7                                } 
 416   6                              
 417   6                                if(third_off == 2){
 418   7                                    if(new_minute != minute){
 419   8                                      //构建并重写分
 420   8                                      sprintf(hex_str, "0x%02X", new_minute);
 421   8                                      new_hex = (unsigned char)strtoul(hex_str, NULL, 16);
 422   8                                      
 423   8                                      DS1302_Init();
 424   8                                      DS1302_WRITE(0x82,new_hex);
 425   8                                      
 426   8                                      minute = new_minute;
 427   8                                    }
 428   7                                    break;
 429   7                                }
 430   6                                
 431   6                                //增加
 432   6                                if(third_off == 3){
 433   7                                    new_minute = (new_minute/16*10 + new_minute%16 + 1)/10*16 + (new_minute/16*10 + new_minute%
             -16 + 1)%10;
 434   7                                }
 435   6                                //减少
 436   6                                if(third_off == 4){
 437   7                                    new_minute = (new_minute/16*10 + new_minute%16 - 1)/10*16 + (new_minute/16*10 + new_minute%
             -16 - 1)%10;
 438   7                                }
 439   6                                
 440   6                                
 441   6                                //闪烁提示
 442   6                                LCD_ShowNum(2, 8, 0, 2);
 443   6                                time(50);
 444   6                                LCD_ShowNum(2, 8, new_minute/16*10+new_minute%16, 2);
 445   6                                time(50);
 446   6                              
 447   6                                third_off = new_button(0);
 448   6                              
 449   6                                if(third_off == 1){
 450   7                                    break;
 451   7                                } 
 452   6                              
 453   6                                if(third_off == 2){
 454   7                                    if(new_minute != minute){
 455   8                                      //构建并重写分
 456   8                                      sprintf(hex_str, "0x%02X", new_minute);
 457   8                                      new_hex = (unsigned char)strtoul(hex_str, NULL, 16);
 458   8                                      
 459   8                                      DS1302_Init();
 460   8                                      DS1302_WRITE(0x82,new_hex);
 461   8                                      
 462   8                                      minute = new_minute;
 463   8                                    }
 464   7                                    break;
 465   7                                }
 466   6                                
 467   6                                //增加
 468   6                                if(third_off == 3){
 469   7                                    new_minute = (new_minute/16*10 + new_minute%16 + 1)/10*16 + (new_minute/16*10 + new_minute%
             -16 + 1)%10;
 470   7                                }
 471   6                                //减少
 472   6                                if(third_off == 4){
 473   7                                    new_minute = (new_minute/16*10 + new_minute%16 - 1)/10*16 + (new_minute/16*10 + new_minute%
C51 COMPILER V9.54   MAIN                                                                  07/15/2024 10:00:40 PAGE 9   

             -16 - 1)%10;
 474   7                                }
 475   6                                
 476   6                            if(third_off == 1){
 477   7                                break;
 478   7                            
 479   7                            }
 480   6                            
 481   6                            }
 482   5                            //秒调试
 483   5                            new_second = second;
 484   5                            while(1){
 485   6                                third_off = new_button(0);
 486   6                              
 487   6                                if(third_off == 1){
 488   7                                    break;
 489   7                                } 
 490   6                              
 491   6                                if(third_off == 2){
 492   7                                    if(new_second != second){
 493   8                                      //构建并重写分
 494   8                                      sprintf(hex_str, "0x%02X", new_second);
 495   8                                      new_hex = (unsigned char)strtoul(hex_str, NULL, 16);
 496   8                                      
 497   8                                      DS1302_Init();
 498   8                                      DS1302_WRITE(0x80,new_hex);
 499   8                                      
 500   8                                      second = new_second;
 501   8                                    }
 502   7                                    break;
 503   7                                }
 504   6                                
 505   6                                //增加
 506   6                                if(third_off == 3){
 507   7                                    new_second = (new_second/16*10 + new_second%16 + 1)/10*16 + (new_second/16*10 + new_second%
             -16 + 1)%10;
 508   7                                }
 509   6                                //减少
 510   6                                if(third_off == 4){
 511   7                                    new_second = (new_second/16*10 + new_second%16 - 1)/10*16 + (new_second/16*10 + new_second%
             -16 - 1)%10;
 512   7                                }
 513   6                              
 514   6                                //闪烁提示
 515   6                                LCD_ShowNum(2, 11, 0, 2);
 516   6                                time(50);
 517   6                                LCD_ShowNum(2, 11, new_second/16*10+new_second%16, 2);
 518   6                                time(50);
 519   6                              
 520   6                                third_off = new_button(0);
 521   6                              
 522   6                                if(third_off == 1){
 523   7                                    break;
 524   7                                } 
 525   6                              
 526   6                                if(third_off == 2){
 527   7                                    if(new_second != second){
 528   8                                      //构建并重写分
 529   8                                      sprintf(hex_str, "0x%02X", new_second);
 530   8                                      new_hex = (unsigned char)strtoul(hex_str, NULL, 16);
 531   8                                      
 532   8                                      DS1302_Init();
C51 COMPILER V9.54   MAIN                                                                  07/15/2024 10:00:40 PAGE 10  

 533   8                                      DS1302_WRITE(0x80,new_hex);
 534   8                                      
 535   8                                      second = new_second;
 536   8                                    }
 537   7                                    break;
 538   7                                }
 539   6                                
 540   6                                //增加
 541   6                                if(third_off == 3){
 542   7                                    new_second = (new_second/16*10 + new_second%16 + 1)/10*16 + (new_second/16*10 + new_second%
             -16 + 1)%10;
 543   7                                }
 544   6                                //减少
 545   6                                if(third_off == 4){
 546   7                                    new_second = (new_second/16*10 + new_second%16 - 1)/10*16 + (new_second/16*10 + new_second%
             -16 - 1)%10;
 547   7                                }
 548   6                                
 549   6                            }
 550   5                            if(third_off == 1){
 551   6                                break;
 552   6                            
 553   6                            
 554   6                            
 555   6                            }
 556   5                        
 557   5                        
 558   5                        }
 559   4                        
 560   4                        
 561   4                        
 562   4                        
 563   4                      
 564   4                    }
 565   3                }
 566   2            
 567   2            
 568   2            }
 569   1      
 570   1      }
 571          
 572          
 573          
 574          void main(){
 575   1          
 576   1          //初始化液晶屏
 577   1          LCD_Init();
 578   1          LCD_ShowString(1,14,"HDY");
 579   1          //初始化时间模块
 580   1          DS1302_Init();
 581   1        
 582   1          //开启时间模块写入锁
 583   1          DS1302_open_key();
 584   1          //设置初始时间
 585   1          DS1302_SetTime();
 586   1          
 587   1        
 588   1        
 589   1          while(1){
 590   2            
 591   2            //读取时间
 592   2            DS1302_ReadTime();
C51 COMPILER V9.54   MAIN                                                                  07/15/2024 10:00:40 PAGE 11  

 593   2            
 594   2            //显示时间
 595   2            DS1302_ShowTime();
 596   2            
 597   2            //按键检测
 598   2            new_Button();
 599   2            
 600   2          }
 601   1          
 602   1      
 603   1      }
 604          
 605          


MODULE INFORMATION:   STATIC OVERLAYABLE
   CODE SIZE        =   3709    ----
   CONSTANT SIZE    =     15    ----
   XDATA SIZE       =   ----    ----
   PDATA SIZE       =   ----    ----
   DATA SIZE        =     14       8
   IDATA SIZE       =   ----    ----
   BIT SIZE         =   ----    ----
END OF MODULE INFORMATION.


C51 COMPILATION COMPLETE.  0 WARNING(S),  0 ERROR(S)
