C51 COMPILER V9.54   MIAN                                                                  01/30/2024 16:41:12 PAGE 1   


C51 COMPILER V9.54, COMPILATION OF MODULE MIAN
OBJECT MODULE PLACED IN .\Objects\mian.obj
COMPILER INVOKED BY: D:\51\KELLC51\C51\BIN\C51.EXE mian.c OPTIMIZE(8,SPEED) BROWSE DEBUG OBJECTEXTEND PRINT(.\Listings\m
                    -ian.lst) TABS(2) OBJECT(.\Objects\mian.obj)

line level    source

   1          #include "head.h"
   2          
   3          sbit RCK = P3^5;
   4          sbit SCK = P3^6;
   5          sbit SER = P3^4;
   6          
   7          void _74HC595_WriteByte(unsigned char Byte){
   8   1        unsigned char i;
   9   1        for(i=0;i<8;i++){
  10   2          SER = Byte&(0x80>>i);
  11   2          SCK=1;
  12   2          SCK=0;
  13   2        }
  14   1        RCK=1;
  15   1        RCK=0;
  16   1      }
  17          
  18          void main(){
  19   1        SCK=0;
  20   1        RCK=0;
  21   1        
  22   1        while(1){
  23   2          cartoon();
  24   2        }
  25   1      
  26   1      }


MODULE INFORMATION:   STATIC OVERLAYABLE
   CODE SIZE        =     54    ----
   CONSTANT SIZE    =   ----    ----
   XDATA SIZE       =   ----    ----
   PDATA SIZE       =   ----    ----
   DATA SIZE        =   ----    ----
   IDATA SIZE       =   ----    ----
   BIT SIZE         =   ----    ----
END OF MODULE INFORMATION.


C51 COMPILATION COMPLETE.  0 WARNING(S),  0 ERROR(S)
