C51 COMPILER V9.54   NIXIE                                                                 07/16/2024 15:40:23 PAGE 1   


C51 COMPILER V9.54, COMPILATION OF MODULE NIXIE
OBJECT MODULE PLACED IN .\Objects\Nixie.obj
COMPILER INVOKED BY: D:\51\KELLC51\C51\BIN\C51.EXE Nixie.c OPTIMIZE(8,SPEED) BROWSE DEBUG OBJECTEXTEND PRINT(.\Listings\
                    -Nixie.lst) TABS(2) OBJECT(.\Objects\Nixie.obj)

line level    source

   1          #include <REGX52.H>
   2          #include "time.h"
   3          
   4          #define TIME 1
   5          
   6          
   7          char* number_list[10]  = {0x3F,0x06,0x5B,0x4F,0x66,0x6D,0x7D,0x07,0x7F,0x6F};
   8          
   9          
  10          void project(int number_select,int number_math){
  11   1        
  12   1        switch(number_select){
  13   2            case 1:
  14   2              P2_4 = 0;
  15   2              P2_3 = 0;
  16   2              P2_2 = 0;
  17   2              break;
  18   2            case 2:
  19   2              P2_4 = 0;
  20   2              P2_3 = 0;
  21   2              P2_2 = 1;
  22   2              break;
  23   2            case 3:
  24   2              P2_4 = 0;
  25   2              P2_3 = 1;
  26   2              P2_2 = 0;
  27   2              break;
  28   2            case 4:
  29   2              P2_4 = 0;
  30   2              P2_3 = 1;
  31   2              P2_2 = 1;
  32   2              break;
  33   2            case 5:
  34   2              P2_4 = 1;
  35   2              P2_3 = 0;
  36   2              P2_2 = 0;
  37   2              break;
  38   2            case 6:
  39   2              P2_4 = 1;
  40   2              P2_3 = 0;
  41   2              P2_2 = 1;
  42   2              break;
  43   2            case 7:
  44   2              P2_4 = 1;
  45   2              P2_3 = 1;
  46   2              P2_2 = 0;
  47   2              break;
  48   2            case 8:
  49   2              P2_4 = 1;
  50   2              P2_3 = 1;
  51   2              P2_2 = 1;
  52   2              break;
  53   2          }
  54   1        
C51 COMPILER V9.54   NIXIE                                                                 07/16/2024 15:40:23 PAGE 2   

  55   1          P0 = *&number_list[number_math];
*** WARNING C260 IN LINE 55 OF Nixie.c: '=': pointer truncation
  56   1      }
  57          
  58          
  59          
  60          void Nixie(int a,int b,int c,int d,int e,int f,int g,int h){
  61   1        int* arr[] ={&a,&b,&c,&d,&e,&f,&g,&h};
  62   1        int i = 0;
  63   1        for(;i<8;i++){
  64   2          if(*arr[i] != 0){
  65   3            switch (i){
  66   4              case 0:
  67   4                project(8,a);
  68   4                time(TIME);
  69   4              case 1:
  70   4                project(7,b);
  71   4                time(TIME);
  72   4              case 2:
  73   4                project(6,c);
  74   4                time(TIME);
  75   4              case 3:
  76   4                project(5,d);
  77   4                time(TIME);
  78   4              case 4:
  79   4                project(4,e);
  80   4                time(TIME);
  81   4              case 5:
  82   4                project(3,f);
  83   4                time(TIME);
  84   4              case 6:
  85   4                project(2,g);
  86   4                time(TIME);
  87   4              case 7:
  88   4                project(1,h);
  89   4                time(TIME);
  90   4                i=8;
  91   4            }
  92   3          }
  93   2        }
  94   1      }
  95          
  96          void main(){
  97   1        
  98   1        while(1){
  99   2          Nixie(2,0,0,3,1,2,1,0);
 100   2        }
 101   1        
 102   1        
 103   1      }


MODULE INFORMATION:   STATIC OVERLAYABLE
   CODE SIZE        =    414    ----
   CONSTANT SIZE    =     24    ----
   XDATA SIZE       =   ----    ----
   PDATA SIZE       =   ----    ----
   DATA SIZE        =     30      42
   IDATA SIZE       =   ----    ----
   BIT SIZE         =   ----    ----
END OF MODULE INFORMATION.


C51 COMPILATION COMPLETE.  1 WARNING(S),  0 ERROR(S)
